mode: set
coscli/util/bucket.go:3.73,4.35 1 1
coscli/util/bucket.go:4.35,5.28 1 1
coscli/util/bucket.go:5.28,7.4 1 1
coscli/util/bucket.go:9.2,9.35 1 1
coscli/util/bucket.go:9.35,10.27 1 1
coscli/util/bucket.go:10.27,12.4 1 1
coscli/util/bucket.go:14.2,16.27 3 1
coscli/util/cam_auth.go:28.36,29.20 1 1
coscli/util/cam_auth.go:29.20,32.3 2 0
coscli/util/cam_auth.go:35.2,43.16 5 1
coscli/util/cam_auth.go:43.16,46.3 2 0
coscli/util/cam_auth.go:47.2,51.16 3 1
coscli/util/cam_auth.go:51.16,53.44 1 0
coscli/util/cam_auth.go:53.44,55.4 1 0
coscli/util/cam_auth.go:55.9,57.4 1 0
coscli/util/cam_auth.go:58.3,58.13 1 0
coscli/util/cam_auth.go:61.2,64.16 3 1
coscli/util/cam_auth.go:64.16,67.3 2 0
coscli/util/cam_auth.go:69.2,70.16 2 1
coscli/util/cam_auth.go:70.16,73.3 2 0
coscli/util/cam_auth.go:75.2,75.28 1 1
coscli/util/cam_auth.go:75.28,78.3 2 0
coscli/util/cam_auth.go:80.2,80.13 1 1
coscli/util/client.go:11.77,12.35 1 1
coscli/util/client.go:12.35,18.3 4 1
coscli/util/client.go:18.8,23.3 3 1
coscli/util/client.go:25.2,25.26 1 1
coscli/util/client.go:25.26,28.3 2 1
coscli/util/client.go:29.2,29.27 1 1
coscli/util/client.go:29.27,32.3 2 1
coscli/util/client.go:33.2,33.30 1 1
coscli/util/client.go:33.30,35.3 1 1
coscli/util/client.go:37.2,38.22 2 1
coscli/util/client.go:38.22,47.3 1 1
coscli/util/client.go:47.8,55.3 1 1
coscli/util/client.go:58.2,58.47 1 1
coscli/util/client.go:58.47,60.3 1 1
coscli/util/client.go:63.2,69.15 4 1
coscli/util/client.go:73.82,74.35 1 1
coscli/util/client.go:74.35,80.3 4 1
coscli/util/client.go:80.8,85.3 3 1
coscli/util/client.go:88.2,88.26 1 1
coscli/util/client.go:88.26,91.3 2 1
coscli/util/client.go:92.2,92.27 1 1
coscli/util/client.go:92.27,95.3 2 1
coscli/util/client.go:96.2,96.30 1 1
coscli/util/client.go:96.30,98.3 1 1
coscli/util/client.go:100.2,101.32 2 1
coscli/util/client.go:101.32,103.3 1 1
coscli/util/client.go:104.2,104.26 1 1
coscli/util/client.go:104.26,106.3 1 1
coscli/util/client.go:108.2,118.47 3 1
coscli/util/client.go:118.47,120.3 1 1
coscli/util/client.go:123.2,129.15 4 1
coscli/util/copy.go:13.97,20.96 5 1
coscli/util/copy.go:20.96,25.16 4 1
coscli/util/copy.go:25.16,28.4 2 1
coscli/util/copy.go:30.3,31.17 2 1
coscli/util/copy.go:31.17,32.45 1 0
coscli/util/copy.go:32.45,35.5 1 0
coscli/util/copy.go:36.4,36.46 1 0
coscli/util/copy.go:40.3,43.17 3 1
coscli/util/copy.go:43.17,45.4 1 0
coscli/util/copy.go:47.8,50.3 1 1
coscli/util/copy.go:52.2,57.38 5 1
coscli/util/copy.go:60.104,70.45 6 1
coscli/util/copy.go:70.45,72.3 1 1
coscli/util/copy.go:74.2,75.41 2 1
coscli/util/copy.go:75.41,76.10 1 1
coscli/util/copy.go:77.29,78.18 1 1
coscli/util/copy.go:78.18,79.32 1 1
coscli/util/copy.go:79.32,81.6 1 1
coscli/util/copy.go:83.4,83.15 1 1
coscli/util/copy.go:84.25,85.18 1 1
coscli/util/copy.go:85.18,87.5 1 1
coscli/util/copy.go:87.10,88.32 1 1
coscli/util/copy.go:88.32,90.6 1 1
coscli/util/copy.go:96.154,97.32 1 1
coscli/util/copy.go:97.32,102.62 5 1
coscli/util/copy.go:102.62,104.18 2 1
coscli/util/copy.go:104.18,105.10 1 1
coscli/util/copy.go:106.10,107.41 1 1
coscli/util/copy.go:107.41,108.44 1 1
coscli/util/copy.go:108.44,111.7 1 1
coscli/util/copy.go:111.12,113.7 1 1
coscli/util/copy.go:118.3,119.17 2 1
coscli/util/copy.go:119.17,121.12 2 1
coscli/util/copy.go:125.2,125.16 1 1
coscli/util/copy.go:128.187,140.49 9 1
coscli/util/copy.go:140.49,142.3 1 1
coscli/util/copy.go:145.2,145.41 1 1
coscli/util/copy.go:145.41,147.17 2 1
coscli/util/copy.go:147.17,150.4 2 1
coscli/util/copy.go:153.2,153.10 1 1
coscli/util/copy.go:153.10,155.3 1 1
coscli/util/copy.go:160.2,180.106 4 1
coscli/util/copy.go:180.107,181.3 0 1
coscli/util/copy.go:182.2,184.3 1 1
coscli/util/copy.go:185.2,187.16 2 1
coscli/util/copy.go:187.16,190.3 2 1
coscli/util/copy.go:192.2,192.8 1 1
coscli/util/delete.go:19.141,23.24 4 0
coscli/util/delete.go:23.24,25.3 1 0
coscli/util/delete.go:25.8,27.3 1 0
coscli/util/delete.go:29.2,29.16 1 0
coscli/util/delete.go:29.16,31.3 1 0
coscli/util/delete.go:33.2,33.25 1 0
coscli/util/delete.go:33.25,35.3 1 0
coscli/util/delete.go:35.8,37.3 1 0
coscli/util/delete.go:39.2,39.16 1 0
coscli/util/delete.go:39.16,41.3 1 0
coscli/util/delete.go:44.2,45.28 2 0
coscli/util/delete.go:45.28,46.41 1 0
coscli/util/delete.go:46.41,48.4 1 0
coscli/util/delete.go:48.9,48.39 1 0
coscli/util/delete.go:48.39,50.4 1 0
coscli/util/delete.go:50.9,52.4 1 0
coscli/util/delete.go:55.2,55.25 1 0
coscli/util/delete.go:55.25,57.3 1 0
coscli/util/delete.go:57.8,59.3 1 0
coscli/util/delete.go:61.2,61.22 1 0
coscli/util/delete.go:64.110,66.58 1 0
coscli/util/delete.go:66.58,69.3 2 0
coscli/util/delete.go:69.8,72.3 2 0
coscli/util/delete.go:74.2,74.12 1 0
coscli/util/delete.go:77.115,81.33 3 0
coscli/util/delete.go:81.33,82.42 1 0
coscli/util/delete.go:82.42,83.36 1 0
coscli/util/delete.go:83.36,91.19 3 0
coscli/util/delete.go:91.19,93.6 1 0
coscli/util/delete.go:95.5,95.32 1 0
coscli/util/delete.go:95.32,96.40 1 0
coscli/util/delete.go:96.40,100.7 3 0
coscli/util/delete.go:103.4,105.20 3 0
coscli/util/delete.go:105.20,107.5 1 0
coscli/util/delete.go:107.10,109.5 1 0
coscli/util/delete.go:113.3,113.52 1 0
coscli/util/delete.go:116.2,116.54 1 0
coscli/util/delete.go:116.54,124.17 3 0
coscli/util/delete.go:124.17,126.4 1 0
coscli/util/delete.go:128.3,128.30 1 0
coscli/util/delete.go:128.30,129.38 1 0
coscli/util/delete.go:129.38,133.5 3 0
coscli/util/delete.go:136.3,137.19 2 0
coscli/util/delete.go:137.19,139.4 1 0
coscli/util/delete.go:139.9,141.4 1 0
coscli/util/delete.go:143.2,143.12 1 0
coscli/util/delete.go:146.80,147.24 1 0
coscli/util/delete.go:147.24,149.3 1 0
coscli/util/delete.go:151.2,153.28 3 0
coscli/util/delete.go:153.28,155.3 1 0
coscli/util/delete.go:156.2,156.31 1 0
coscli/util/delete.go:156.31,158.3 1 0
coscli/util/delete.go:158.8,160.3 1 0
coscli/util/delete.go:161.2,164.110 3 0
coscli/util/delete.go:164.110,166.3 1 0
coscli/util/delete.go:167.2,167.13 1 0
coscli/util/delete.go:170.101,172.35 2 0
coscli/util/delete.go:172.35,174.3 1 0
coscli/util/delete.go:176.2,179.16 3 0
coscli/util/delete.go:179.16,181.3 1 0
coscli/util/delete.go:183.2,184.31 2 0
coscli/util/delete.go:184.31,185.55 1 0
coscli/util/delete.go:185.55,189.28 3 0
coscli/util/delete.go:189.28,190.13 1 0
coscli/util/delete.go:191.10,194.19 2 0
coscli/util/delete.go:194.19,196.6 1 0
coscli/util/delete.go:196.11,197.20 1 0
coscli/util/delete.go:197.20,199.7 1 0
coscli/util/delete.go:199.12,202.7 1 0
coscli/util/delete.go:205.9,208.18 3 0
coscli/util/delete.go:208.18,210.5 1 0
coscli/util/delete.go:212.4,212.64 1 0
coscli/util/delete.go:212.64,215.5 2 0
coscli/util/delete.go:217.4,218.18 2 0
coscli/util/delete.go:218.18,220.5 1 0
coscli/util/delete.go:223.2,223.12 1 0
coscli/util/delete.go:226.67,229.16 3 0
coscli/util/delete.go:229.16,230.63 1 0
coscli/util/delete.go:230.63,232.4 1 0
coscli/util/delete.go:233.3,233.19 1 0
coscli/util/delete.go:234.8,234.23 1 0
coscli/util/delete.go:234.23,236.3 1 0
coscli/util/delete.go:238.2,238.47 1 0
coscli/util/delete.go:238.47,240.3 1 0
coscli/util/delete.go:242.2,242.34 1 0
coscli/util/delete.go:242.34,244.3 1 0
coscli/util/delete.go:246.2,246.74 1 0
coscli/util/delete.go:246.74,248.3 1 0
coscli/util/delete.go:251.2,252.16 2 0
coscli/util/delete.go:252.16,254.3 1 0
coscli/util/delete.go:256.2,257.16 2 0
coscli/util/delete.go:257.16,259.3 1 0
coscli/util/delete.go:261.2,261.50 1 0
coscli/util/delete.go:261.50,263.3 1 0
coscli/util/delete.go:265.2,266.16 2 0
coscli/util/delete.go:266.16,267.67 1 0
coscli/util/delete.go:267.67,269.4 1 0
coscli/util/delete.go:270.8,270.23 1 0
coscli/util/delete.go:270.23,272.3 1 0
coscli/util/delete.go:273.2,273.12 1 0
coscli/util/delete.go:276.73,278.16 2 0
coscli/util/delete.go:278.16,280.3 1 0
coscli/util/delete.go:281.2,283.16 3 0
coscli/util/delete.go:283.16,285.3 1 0
coscli/util/delete.go:286.2,286.18 1 0
coscli/util/delete.go:289.47,291.16 2 0
coscli/util/delete.go:291.16,293.3 1 0
coscli/util/delete.go:293.8,296.3 2 0
coscli/util/delete.go:297.2,297.12 1 0
coscli/util/delete.go:300.53,302.16 2 0
coscli/util/delete.go:302.16,304.3 1 0
coscli/util/delete.go:304.8,307.17 3 0
coscli/util/delete.go:307.17,309.4 1 0
coscli/util/delete.go:310.3,312.17 3 0
coscli/util/delete.go:312.17,314.4 1 0
coscli/util/delete.go:315.3,316.17 2 0
coscli/util/delete.go:316.17,318.4 1 0
coscli/util/delete.go:319.3,320.17 2 0
coscli/util/delete.go:320.17,322.4 1 0
coscli/util/delete.go:323.3,323.13 1 0
coscli/util/delete.go:327.55,328.27 1 0
coscli/util/delete.go:328.27,330.17 2 0
coscli/util/delete.go:330.17,332.4 1 0
coscli/util/delete.go:333.3,344.19 7 0
coscli/util/delete.go:344.19,347.18 2 0
coscli/util/delete.go:347.18,349.5 1 0
coscli/util/delete.go:351.4,352.35 2 0
coscli/util/delete.go:352.35,358.18 5 0
coscli/util/delete.go:358.18,361.6 2 0
coscli/util/delete.go:362.5,362.37 1 0
coscli/util/delete.go:365.4,365.49 1 0
coscli/util/delete.go:370.2,370.15 1 0
coscli/util/delete.go:373.54,374.27 1 0
coscli/util/delete.go:374.27,377.17 2 0
coscli/util/delete.go:377.17,379.4 1 0
coscli/util/delete.go:380.3,383.64 3 0
coscli/util/delete.go:383.64,385.4 1 0
coscli/util/delete.go:387.3,389.39 2 0
coscli/util/delete.go:389.39,391.4 1 0
coscli/util/delete.go:393.3,401.26 2 0
coscli/util/delete.go:401.26,405.111 4 0
coscli/util/delete.go:405.111,407.19 2 0
coscli/util/delete.go:407.19,410.6 2 0
coscli/util/delete.go:411.5,411.50 1 0
coscli/util/delete.go:413.9,415.18 2 0
coscli/util/delete.go:415.18,418.5 2 0
coscli/util/delete.go:419.4,419.49 1 0
coscli/util/download.go:27.89,35.96 5 0
coscli/util/download.go:35.96,40.16 4 0
coscli/util/download.go:40.16,43.4 2 0
coscli/util/download.go:45.3,46.17 2 0
coscli/util/download.go:46.17,47.45 1 0
coscli/util/download.go:47.45,50.5 1 0
coscli/util/download.go:51.4,51.46 1 0
coscli/util/download.go:54.3,61.17 6 0
coscli/util/download.go:61.17,63.4 1 0
coscli/util/download.go:64.8,67.3 1 0
coscli/util/download.go:69.2,73.38 4 0
coscli/util/download.go:76.99,86.45 6 0
coscli/util/download.go:86.45,88.3 1 0
coscli/util/download.go:90.2,91.41 2 0
coscli/util/download.go:91.41,92.10 1 0
coscli/util/download.go:93.29,94.18 1 0
coscli/util/download.go:94.18,95.32 1 0
coscli/util/download.go:95.32,97.6 1 0
coscli/util/download.go:99.4,99.15 1 0
coscli/util/download.go:100.25,101.18 1 0
coscli/util/download.go:101.18,103.5 1 0
coscli/util/download.go:103.10,104.32 1 0
coscli/util/download.go:104.32,106.6 1 0
coscli/util/download.go:112.138,113.32 1 0
coscli/util/download.go:113.32,118.62 5 0
coscli/util/download.go:118.62,120.18 2 0
coscli/util/download.go:120.18,121.10 1 0
coscli/util/download.go:122.10,123.41 1 0
coscli/util/download.go:123.41,124.44 1 0
coscli/util/download.go:124.44,127.7 1 0
coscli/util/download.go:127.12,129.7 1 0
coscli/util/download.go:131.6,131.46 1 0
coscli/util/download.go:137.3,138.17 2 0
coscli/util/download.go:138.17,140.12 2 0
coscli/util/download.go:144.2,144.16 1 0
coscli/util/download.go:147.185,161.49 10 0
coscli/util/download.go:161.49,165.3 3 0
coscli/util/download.go:167.2,167.16 1 0
coscli/util/download.go:167.16,170.32 1 0
coscli/util/download.go:170.32,174.18 4 0
coscli/util/download.go:174.18,176.5 1 0
coscli/util/download.go:178.4,178.12 1 0
coscli/util/download.go:178.12,180.5 1 0
coscli/util/download.go:186.2,187.16 2 0
coscli/util/download.go:187.16,190.3 2 0
coscli/util/download.go:193.2,216.44 3 0
coscli/util/download.go:216.44,219.3 2 0
coscli/util/download.go:221.2,222.16 2 0
coscli/util/download.go:222.16,223.67 1 0
coscli/util/download.go:223.67,225.4 1 0
coscli/util/download.go:226.3,227.9 2 0
coscli/util/download.go:231.2,231.37 1 0
coscli/util/download.go:231.37,233.25 2 0
coscli/util/download.go:233.25,235.4 1 0
coscli/util/download.go:238.3,239.17 2 0
coscli/util/download.go:239.17,241.18 2 0
coscli/util/download.go:241.18,244.5 2 0
coscli/util/download.go:248.3,250.104 3 0
coscli/util/download.go:253.2,253.8 1 0
coscli/util/error_output.go:22.55,24.29 2 0
coscli/util/error_output.go:24.29,27.25 3 0
coscli/util/error_output.go:27.25,29.18 2 0
coscli/util/error_output.go:29.18,31.5 1 0
coscli/util/error_output.go:35.2,35.36 1 0
coscli/util/error_output.go:35.36,39.17 3 0
coscli/util/error_output.go:39.17,41.4 1 0
coscli/util/error_output.go:44.2,47.21 3 0
coscli/util/error_output.go:47.21,49.3 1 0
coscli/util/error_output.go:50.2,50.19 1 0
coscli/util/error_output.go:53.47,54.36 1 1
coscli/util/error_output.go:54.36,56.3 1 0
coscli/util/filter.go:9.70,10.23 1 0
coscli/util/filter.go:10.23,12.3 1 0
coscli/util/filter.go:14.2,17.18 3 0
coscli/util/filter.go:17.18,19.3 1 0
coscli/util/filter.go:20.2,20.14 1 0
coscli/util/filter.go:23.78,24.23 1 0
coscli/util/filter.go:24.23,26.3 1 0
coscli/util/filter.go:28.2,30.27 2 0
coscli/util/filter.go:30.27,31.39 1 0
coscli/util/filter.go:31.39,33.4 1 0
coscli/util/filter.go:36.2,36.12 1 0
coscli/util/filter.go:39.70,40.23 1 0
coscli/util/filter.go:40.23,42.3 1 0
coscli/util/filter.go:44.2,45.38 2 0
coscli/util/filter.go:45.38,47.3 1 0
coscli/util/filter.go:47.8,49.3 1 0
coscli/util/filter.go:51.2,51.37 1 0
coscli/util/filter.go:51.37,52.35 1 0
coscli/util/filter.go:52.35,54.4 1 0
coscli/util/filter.go:54.9,56.4 1 0
coscli/util/filter.go:59.2,59.12 1 0
coscli/util/filter.go:62.54,66.13 2 0
coscli/util/filter.go:66.13,68.3 1 0
coscli/util/filter.go:68.8,70.3 1 0
coscli/util/filter.go:73.68,76.19 2 0
coscli/util/filter.go:76.19,78.10 2 0
coscli/util/filter.go:78.10,80.4 1 0
coscli/util/filter.go:81.3,81.36 1 0
coscli/util/filter.go:84.2,84.19 1 0
coscli/util/filter.go:84.19,86.10 2 0
coscli/util/filter.go:86.10,88.4 1 0
coscli/util/filter.go:89.3,89.36 1 0
coscli/util/filter.go:92.2,92.22 1 0
coscli/util/filter.go:95.66,100.15 5 0
coscli/util/filter.go:100.15,102.3 1 0
coscli/util/filter.go:103.2,103.21 1 0
coscli/util/filter.go:106.77,107.23 1 0
coscli/util/filter.go:107.23,109.3 1 0
coscli/util/filter.go:111.2,111.39 1 0
coscli/util/get_cos_object.go:13.101,19.9 5 0
coscli/util/get_cos_object.go:20.25,21.17 1 0
coscli/util/get_cos_object.go:21.17,23.4 1 0
coscli/util/get_cos_object.go:26.2,26.12 1 0
coscli/util/get_cos_object.go:29.117,32.36 3 0
coscli/util/get_cos_object.go:32.36,35.33 3 0
coscli/util/get_cos_object.go:35.33,38.9 3 0
coscli/util/get_cos_object.go:42.2,43.17 2 0
coscli/util/get_cos_object.go:46.96,47.18 1 0
coscli/util/get_cos_object.go:47.18,49.3 1 0
coscli/util/get_cos_object.go:52.2,52.62 1 0
coscli/util/get_cos_object.go:52.62,54.3 1 0
coscli/util/get_cos_object.go:56.2,57.25 2 0
coscli/util/get_cos_object.go:57.25,59.3 1 0
coscli/util/get_cos_object.go:61.2,70.16 3 0
coscli/util/get_cos_object.go:70.16,73.3 2 0
coscli/util/get_cos_object.go:75.2,76.28 2 0
coscli/util/get_cos_object.go:76.28,78.3 1 0
coscli/util/get_cos_object.go:79.2,79.14 1 0
coscli/util/get_cos_object.go:82.69,83.18 1 0
coscli/util/get_cos_object.go:83.18,85.3 1 0
coscli/util/get_cos_object.go:87.2,88.16 2 0
coscli/util/get_cos_object.go:88.16,90.3 1 0
coscli/util/get_cos_object.go:92.2,92.14 1 0
coscli/util/get_cos_object.go:95.173,96.22 1 0
coscli/util/get_cos_object.go:96.22,98.3 1 0
coscli/util/get_cos_object.go:100.2,105.33 6 0
coscli/util/get_cos_object.go:105.33,107.3 1 0
coscli/util/get_cos_object.go:109.2,110.18 2 0
coscli/util/get_cos_object.go:110.18,120.17 3 0
coscli/util/get_cos_object.go:120.17,121.19 1 0
coscli/util/get_cos_object.go:121.19,124.5 2 0
coscli/util/get_cos_object.go:124.10,127.5 2 0
coscli/util/get_cos_object.go:130.3,130.39 1 0
coscli/util/get_cos_object.go:130.39,132.64 2 0
coscli/util/get_cos_object.go:132.64,133.20 1 0
coscli/util/get_cos_object.go:133.20,135.6 1 0
coscli/util/get_cos_object.go:135.11,139.19 4 0
coscli/util/get_cos_object.go:139.19,142.7 2 0
coscli/util/get_cos_object.go:143.6,143.93 1 0
coscli/util/get_cos_object.go:148.3,149.48 2 0
coscli/util/get_cos_object.go:152.2,152.17 1 0
coscli/util/get_cos_object.go:152.17,155.3 2 0
coscli/util/get_cos_object.go:157.2,157.22 1 0
coscli/util/get_cos_object.go:157.22,159.3 1 0
coscli/util/get_cos_object.go:162.175,167.16 4 0
coscli/util/get_cos_object.go:167.16,169.3 1 0
coscli/util/get_cos_object.go:172.2,180.16 3 0
coscli/util/get_cos_object.go:180.16,182.3 1 0
coscli/util/get_cos_object.go:184.2,187.8 4 0
coscli/util/get_files.go:14.58,16.16 2 0
coscli/util/get_files.go:16.16,19.3 2 0
coscli/util/get_files.go:20.2,20.15 1 0
coscli/util/get_files.go:20.15,21.62 1 0
coscli/util/get_files.go:21.62,23.4 1 0
coscli/util/get_files.go:25.3,26.17 2 0
coscli/util/get_files.go:26.17,29.4 2 0
coscli/util/get_files.go:30.8,32.3 1 0
coscli/util/get_files.go:34.2,35.17 2 0
coscli/util/get_files.go:38.67,39.33 1 0
coscli/util/get_files.go:39.33,41.3 1 0
coscli/util/get_files.go:43.2,45.65 3 0
coscli/util/get_files.go:45.65,46.15 1 0
coscli/util/get_files.go:46.15,48.4 1 0
coscli/util/get_files.go:50.3,54.17 5 0
coscli/util/get_files.go:54.17,56.4 1 0
coscli/util/get_files.go:58.3,58.16 1 0
coscli/util/get_files.go:58.16,59.22 1 0
coscli/util/get_files.go:59.22,61.5 1 0
coscli/util/get_files.go:62.4,62.14 1 0
coscli/util/get_files.go:65.3,65.71 1 0
coscli/util/get_files.go:65.71,67.4 1 0
coscli/util/get_files.go:70.3,70.35 1 0
coscli/util/get_files.go:70.35,73.18 2 0
coscli/util/get_files.go:73.18,75.5 1 0
coscli/util/get_files.go:77.4,77.24 1 0
coscli/util/get_files.go:77.24,79.5 1 0
coscli/util/get_files.go:79.10,81.5 1 0
coscli/util/get_files.go:83.4,83.57 1 0
coscli/util/get_files.go:83.57,85.59 1 0
coscli/util/get_files.go:85.59,87.6 1 0
coscli/util/get_files.go:88.5,90.15 3 0
coscli/util/get_files.go:93.3,93.52 1 0
coscli/util/get_files.go:93.52,95.4 1 0
coscli/util/get_files.go:96.3,96.13 1 0
coscli/util/get_files.go:99.2,100.6 2 0
coscli/util/get_files.go:100.6,103.30 3 0
coscli/util/get_files.go:103.30,105.18 2 0
coscli/util/get_files.go:105.18,107.5 1 0
coscli/util/get_files.go:109.3,109.33 1 0
coscli/util/get_files.go:109.33,110.9 1 0
coscli/util/get_files.go:113.2,113.12 1 0
coscli/util/get_files.go:116.74,117.57 1 0
coscli/util/get_files.go:117.57,119.3 1 0
coscli/util/get_files.go:121.2,122.16 2 0
coscli/util/get_files.go:122.16,124.3 1 0
coscli/util/get_files.go:126.2,126.36 1 0
coscli/util/get_files.go:126.36,127.24 1 0
coscli/util/get_files.go:127.24,129.39 2 0
coscli/util/get_files.go:129.39,131.13 1 0
coscli/util/get_files.go:134.4,134.60 1 0
coscli/util/get_files.go:134.60,136.5 1 0
coscli/util/get_files.go:139.2,139.12 1 0
coscli/util/get_files.go:142.116,145.16 3 0
coscli/util/get_files.go:145.16,148.3 2 0
coscli/util/get_files.go:149.2,149.15 1 0
coscli/util/get_files.go:149.15,150.62 1 0
coscli/util/get_files.go:150.62,152.4 1 0
coscli/util/get_files.go:154.3,155.17 2 0
coscli/util/get_files.go:155.17,158.4 2 0
coscli/util/get_files.go:159.8,162.3 2 0
coscli/util/get_files.go:163.2,163.20 1 0
coscli/util/get_files.go:166.87,167.33 1 0
coscli/util/get_files.go:167.33,169.3 1 0
coscli/util/get_files.go:171.2,173.65 3 0
coscli/util/get_files.go:173.65,174.15 1 0
coscli/util/get_files.go:174.15,176.4 1 0
coscli/util/get_files.go:178.3,182.17 4 0
coscli/util/get_files.go:182.17,184.4 1 0
coscli/util/get_files.go:186.3,186.16 1 0
coscli/util/get_files.go:186.16,187.22 1 0
coscli/util/get_files.go:187.22,188.78 1 0
coscli/util/get_files.go:188.78,190.6 1 0
coscli/util/get_files.go:190.11,192.6 1 0
coscli/util/get_files.go:194.4,194.14 1 0
coscli/util/get_files.go:197.3,197.71 1 0
coscli/util/get_files.go:197.71,199.4 1 0
coscli/util/get_files.go:201.3,201.70 1 0
coscli/util/get_files.go:201.70,203.18 2 0
coscli/util/get_files.go:203.18,205.5 1 0
coscli/util/get_files.go:207.4,207.24 1 0
coscli/util/get_files.go:207.24,208.59 1 0
coscli/util/get_files.go:208.59,210.6 1 0
coscli/util/get_files.go:211.5,213.15 3 0
coscli/util/get_files.go:217.3,217.52 1 0
coscli/util/get_files.go:217.52,219.4 1 0
coscli/util/get_files.go:220.3,220.13 1 0
coscli/util/get_files.go:223.2,224.6 2 0
coscli/util/get_files.go:224.6,227.30 3 0
coscli/util/get_files.go:227.30,229.18 2 0
coscli/util/get_files.go:229.18,231.5 1 0
coscli/util/get_files.go:233.3,233.33 1 0
coscli/util/get_files.go:233.33,234.9 1 0
coscli/util/get_files.go:237.2,237.12 1 0
coscli/util/get_files.go:240.97,241.57 1 0
coscli/util/get_files.go:241.57,243.3 1 0
coscli/util/get_files.go:245.2,246.16 2 0
coscli/util/get_files.go:246.16,248.3 1 0
coscli/util/get_files.go:250.2,250.36 1 0
coscli/util/get_files.go:250.36,251.24 1 0
coscli/util/get_files.go:251.24,253.39 2 0
coscli/util/get_files.go:253.39,255.13 1 0
coscli/util/get_files.go:258.4,258.60 1 0
coscli/util/get_files.go:258.60,260.5 1 0
coscli/util/get_files.go:263.2,263.12 1 0
coscli/util/get_files.go:266.93,268.59 2 0
coscli/util/get_files.go:268.59,270.3 1 0
coscli/util/get_files.go:272.2,276.9 5 0
coscli/util/get_files.go:277.25,278.17 1 0
coscli/util/get_files.go:278.17,280.4 1 0
coscli/util/get_files.go:282.2,282.12 1 0
coscli/util/get_files.go:285.120,288.32 3 0
coscli/util/get_files.go:288.32,292.33 4 0
coscli/util/get_files.go:292.33,295.9 3 0
coscli/util/get_files.go:298.2,299.17 2 0
coscli/util/get_files.go:302.106,305.16 3 0
coscli/util/get_files.go:305.16,307.3 1 0
coscli/util/hash.go:18.101,28.16 3 0
coscli/util/hash.go:28.16,31.3 2 0
coscli/util/hash.go:33.2,33.18 1 0
coscli/util/hash.go:34.15,35.46 1 0
coscli/util/hash.go:36.13,41.48 4 0
coscli/util/hash.go:42.10,43.31 1 0
coscli/util/hash.go:45.2,45.19 1 0
coscli/util/hash.go:48.71,50.16 2 0
coscli/util/hash.go:50.16,53.3 2 0
coscli/util/hash.go:54.2,57.18 3 0
coscli/util/hash.go:58.15,61.42 3 0
coscli/util/hash.go:61.42,64.4 2 0
coscli/util/hash.go:66.3,67.29 2 0
coscli/util/hash.go:68.13,71.42 3 0
coscli/util/hash.go:71.42,74.4 2 0
coscli/util/hash.go:76.3,78.45 3 0
coscli/util/hash.go:79.10,80.16 1 0
coscli/util/hash.go:82.2,82.13 1 0
coscli/util/hash.go:85.68,94.2 2 0
coscli/util/list.go:21.61,23.28 2 0
coscli/util/list.go:23.28,26.3 2 0
coscli/util/list.go:27.2,27.12 1 0
coscli/util/list.go:30.87,32.28 2 0
coscli/util/list.go:32.28,34.15 2 0
coscli/util/list.go:34.15,36.4 1 0
coscli/util/list.go:37.3,37.12 1 0
coscli/util/list.go:37.12,39.4 1 0
coscli/util/list.go:41.2,41.12 1 0
coscli/util/list.go:44.90,46.28 2 0
coscli/util/list.go:46.28,48.15 2 0
coscli/util/list.go:48.15,50.4 1 0
coscli/util/list.go:51.3,51.12 1 0
coscli/util/list.go:51.12,53.4 1 0
coscli/util/list.go:55.2,55.12 1 0
coscli/util/list.go:58.73,61.25 3 0
coscli/util/list.go:61.25,63.15 2 0
coscli/util/list.go:63.15,65.4 1 0
coscli/util/list.go:66.3,66.12 1 0
coscli/util/list.go:66.12,68.4 1 0
coscli/util/list.go:70.2,70.12 1 0
coscli/util/list.go:74.27,77.25 2 0
coscli/util/list.go:77.25,79.3 1 0
coscli/util/list.go:81.2,91.18 4 0
coscli/util/list.go:91.18,95.17 3 0
coscli/util/list.go:95.17,98.4 2 0
coscli/util/list.go:100.3,103.16 3 0
coscli/util/list.go:103.16,105.4 1 0
coscli/util/list.go:105.9,108.4 2 0
coscli/util/list.go:112.2,114.22 2 0
coscli/util/list.go:114.22,116.3 1 0
coscli/util/list.go:117.2,117.22 1 0
coscli/util/list.go:117.22,119.3 1 0
coscli/util/list.go:121.2,121.32 1 0
coscli/util/list.go:124.107,125.35 1 0
coscli/util/list.go:125.35,127.17 2 0
coscli/util/list.go:127.17,128.45 1 0
coscli/util/list.go:128.45,129.24 1 0
coscli/util/list.go:129.24,131.6 1 0
coscli/util/list.go:131.11,135.14 4 0
coscli/util/list.go:137.10,139.5 1 0
coscli/util/list.go:140.9,142.4 1 0
coscli/util/list.go:144.2,144.48 1 0
coscli/util/list.go:147.100,151.20 3 0
coscli/util/list.go:151.20,156.17 4 0
coscli/util/list.go:156.17,159.4 2 0
coscli/util/list.go:160.3,160.26 1 0
coscli/util/list.go:160.26,162.12 2 0
coscli/util/list.go:165.3,165.31 1 0
coscli/util/list.go:165.31,167.28 2 0
coscli/util/list.go:167.28,170.5 2 0
coscli/util/list.go:170.10,170.24 1 0
coscli/util/list.go:170.24,172.5 1 0
coscli/util/list.go:172.10,172.56 1 0
coscli/util/list.go:172.56,174.19 2 0
coscli/util/list.go:174.19,176.14 2 0
coscli/util/list.go:178.5,181.19 4 0
coscli/util/list.go:181.19,183.14 2 0
coscli/util/list.go:185.5,185.42 1 0
coscli/util/list.go:185.42,188.6 2 0
coscli/util/list.go:188.11,188.38 1 0
coscli/util/list.go:188.38,190.6 1 0
coscli/util/list.go:190.11,192.14 2 0
coscli/util/list.go:194.10,196.13 2 0
coscli/util/list.go:201.2,201.22 1 0
coscli/util/list.go:201.22,203.3 1 0
coscli/util/list.go:204.2,204.22 1 0
coscli/util/list.go:204.22,206.3 1 0
coscli/util/list.go:208.2,208.14 1 0
coscli/util/list.go:211.126,224.18 5 0
coscli/util/list.go:224.18,229.17 4 0
coscli/util/list.go:229.17,232.4 2 0
coscli/util/list.go:234.3,234.33 1 0
coscli/util/list.go:234.33,240.4 1 0
coscli/util/list.go:242.3,242.16 1 0
coscli/util/list.go:242.16,244.4 1 0
coscli/util/list.go:244.9,248.4 3 0
coscli/util/list.go:251.2,251.22 1 0
coscli/util/list.go:251.22,253.3 1 0
coscli/util/list.go:254.2,254.22 1 0
coscli/util/list.go:254.22,256.3 1 0
coscli/util/list.go:258.2,258.16 1 0
coscli/util/list.go:263.107,279.39 13 0
coscli/util/list.go:279.39,282.29 3 0
coscli/util/list.go:282.29,284.4 1 0
coscli/util/list.go:286.3,288.17 2 0
coscli/util/list.go:288.17,290.4 1 0
coscli/util/list.go:292.3,292.34 1 0
coscli/util/list.go:292.34,294.51 2 0
coscli/util/list.go:294.51,297.19 2 0
coscli/util/list.go:297.19,300.6 2 0
coscli/util/list.go:301.5,302.12 2 0
coscli/util/list.go:306.3,308.41 2 0
coscli/util/list.go:308.41,310.4 1 0
coscli/util/list.go:311.3,313.14 2 0
coscli/util/list.go:313.14,318.4 4 0
coscli/util/list.go:323.44,331.18 7 0
coscli/util/list.go:331.18,333.29 2 0
coscli/util/list.go:333.29,336.4 2 0
coscli/util/list.go:337.3,337.16 1 0
coscli/util/list.go:337.16,339.4 1 0
coscli/util/list.go:342.2,344.16 3 0
coscli/util/list.go:347.122,354.16 3 0
coscli/util/list.go:354.16,357.3 2 0
coscli/util/list.go:359.2,363.8 4 0
coscli/util/list_iterator.go:13.64,23.16 3 0
coscli/util/list_iterator.go:23.16,26.3 2 0
coscli/util/list_iterator.go:28.2,34.22 5 0
coscli/util/list_iterator.go:34.22,36.3 1 0
coscli/util/list_iterator.go:37.2,37.22 1 0
coscli/util/list_iterator.go:37.22,39.3 1 0
coscli/util/list_iterator.go:41.2,41.57 1 0
coscli/util/listener.go:13.73,14.25 1 0
coscli/util/listener.go:15.32,15.32 0 0
coscli/util/listener.go:16.29,19.42 3 0
coscli/util/listener.go:20.34,20.34 0 0
coscli/util/listener.go:21.31,22.52 1 0
coscli/util/listener.go:23.10,24.70 1 0
coscli/util/listener.go:26.2,26.17 1 0
coscli/util/meta.go:11.63,12.16 1 0
coscli/util/meta.go:12.16,14.3 1 0
coscli/util/meta.go:15.2,20.25 6 0
coscli/util/meta.go:20.25,21.15 1 0
coscli/util/meta.go:21.15,22.12 1 0
coscli/util/meta.go:24.3,25.20 2 0
coscli/util/meta.go:25.20,27.4 1 0
coscli/util/meta.go:29.3,31.42 3 0
coscli/util/meta.go:31.42,34.4 2 0
coscli/util/meta.go:34.9,36.4 1 0
coscli/util/meta.go:39.2,40.19 2 0
coscli/util/meta.go:40.19,42.17 2 0
coscli/util/meta.go:42.17,44.4 1 0
coscli/util/meta.go:46.3,46.40 1 0
coscli/util/meta.go:48.2,62.14 3 0
coscli/util/meta.go:62.14,65.17 3 0
coscli/util/meta.go:65.17,67.4 1 0
coscli/util/meta.go:69.3,69.31 1 0
coscli/util/meta.go:72.2,72.20 1 0
coscli/util/path.go:11.34,12.20 1 0
coscli/util/path.go:12.20,14.3 1 0
coscli/util/path.go:15.2,15.26 1 0
coscli/util/path.go:15.26,17.3 1 0
coscli/util/path.go:17.8,19.3 1 0
coscli/util/path.go:22.61,23.20 1 0
coscli/util/path.go:23.20,25.19 2 0
coscli/util/path.go:25.19,27.4 1 0
coscli/util/path.go:27.9,29.4 1 0
coscli/util/path.go:30.8,31.20 1 0
coscli/util/path.go:31.20,34.4 2 0
coscli/util/path.go:34.9,36.4 1 0
coscli/util/path.go:37.3,37.18 1 0
coscli/util/path.go:41.74,43.54 1 0
coscli/util/path.go:43.54,48.3 4 0
coscli/util/path.go:50.2,52.31 2 0
coscli/util/path.go:55.64,56.75 1 0
coscli/util/path.go:56.75,58.3 1 0
coscli/util/path.go:60.2,61.17 2 0
coscli/util/path.go:64.60,65.56 1 1
coscli/util/path.go:65.56,67.3 1 1
coscli/util/path.go:69.2,69.17 1 0
coscli/util/path.go:72.49,73.29 1 0
coscli/util/path.go:73.29,75.3 1 0
coscli/util/path.go:77.2,78.16 2 0
coscli/util/path.go:78.16,80.3 1 0
coscli/util/path.go:82.2,82.59 1 0
coscli/util/path.go:82.59,84.3 1 0
coscli/util/path.go:86.2,88.16 3 0
coscli/util/path.go:88.16,90.3 1 0
coscli/util/path.go:92.2,92.59 1 0
coscli/util/path.go:92.59,94.3 1 0
coscli/util/path.go:95.2,95.21 1 0
coscli/util/path.go:99.79,101.16 2 0
coscli/util/path.go:101.16,103.3 1 0
coscli/util/path.go:105.2,106.34 2 0
coscli/util/path.go:106.34,108.3 1 0
coscli/util/path.go:108.8,108.43 1 0
coscli/util/path.go:108.43,109.30 1 0
coscli/util/path.go:109.30,111.4 1 0
coscli/util/path.go:111.9,113.4 1 0
coscli/util/path.go:115.8,117.3 1 0
coscli/util/path.go:119.2,120.16 2 0
coscli/util/path.go:120.16,122.3 1 0
coscli/util/path.go:124.2,124.45 1 0
coscli/util/path.go:124.45,126.3 1 0
coscli/util/path.go:127.2,127.12 1 0
coscli/util/path.go:130.56,132.16 2 0
coscli/util/path.go:132.16,134.3 1 0
coscli/util/path.go:135.2,136.31 2 0
coscli/util/print.go:8.65,9.54 1 1
coscli/util/print.go:9.54,12.3 2 0
coscli/util/print.go:15.2,15.21 1 1
coscli/util/print.go:15.21,19.3 3 0
coscli/util/print.go:22.40,26.2 2 0
coscli/util/process_monitor.go:67.48,84.2 16 1
coscli/util/process_monitor.go:86.56,89.2 2 0
coscli/util/process_monitor.go:90.57,92.2 1 0
coscli/util/process_monitor.go:93.67,96.2 2 0
coscli/util/process_monitor.go:98.63,100.2 1 0
coscli/util/process_monitor.go:102.59,104.2 1 0
coscli/util/process_monitor.go:106.60,110.2 3 1
coscli/util/process_monitor.go:112.59,116.2 3 0
coscli/util/process_monitor.go:118.60,121.2 2 0
coscli/util/process_monitor.go:123.57,125.2 1 0
coscli/util/process_monitor.go:127.59,130.2 1 1
coscli/util/process_monitor.go:132.92,133.16 1 1
coscli/util/process_monitor.go:133.16,135.3 1 1
coscli/util/process_monitor.go:135.8,135.17 1 1
coscli/util/process_monitor.go:135.17,136.13 1 0
coscli/util/process_monitor.go:136.13,138.4 1 0
coscli/util/process_monitor.go:138.9,140.4 1 0
coscli/util/process_monitor.go:141.8,141.18 1 1
coscli/util/process_monitor.go:141.18,143.3 1 0
coscli/util/process_monitor.go:143.8,145.3 1 1
coscli/util/process_monitor.go:146.2,146.17 1 1
coscli/util/process_monitor.go:149.45,151.2 1 0
coscli/util/process_monitor.go:153.78,154.16 1 1
coscli/util/process_monitor.go:154.16,156.3 1 1
coscli/util/process_monitor.go:157.2,158.13 2 1
coscli/util/process_monitor.go:158.13,160.3 1 0
coscli/util/process_monitor.go:161.2,161.35 1 1
coscli/util/process_monitor.go:164.56,169.38 4 0
coscli/util/process_monitor.go:169.38,171.3 1 0
coscli/util/process_monitor.go:171.8,175.3 3 0
coscli/util/process_monitor.go:177.2,177.51 1 0
coscli/util/process_monitor.go:177.51,179.3 1 0
coscli/util/process_monitor.go:180.2,182.224 3 0
coscli/util/process_monitor.go:185.66,186.28 1 1
coscli/util/process_monitor.go:186.28,188.3 1 1
coscli/util/process_monitor.go:189.2,189.27 1 0
coscli/util/process_monitor.go:192.59,194.51 2 1
coscli/util/process_monitor.go:194.51,195.23 1 0
coscli/util/process_monitor.go:195.23,197.4 1 0
coscli/util/process_monitor.go:198.3,198.232 1 0
coscli/util/process_monitor.go:200.2,201.22 2 1
coscli/util/process_monitor.go:201.22,203.3 1 1
coscli/util/process_monitor.go:204.2,204.204 1 0
coscli/util/process_monitor.go:207.54,209.51 2 0
coscli/util/process_monitor.go:209.51,211.3 1 0
coscli/util/process_monitor.go:212.2,213.186 2 0
coscli/util/process_monitor.go:216.70,232.2 14 1
coscli/util/process_monitor.go:234.37,235.29 1 1
coscli/util/process_monitor.go:235.29,238.3 2 1
coscli/util/process_monitor.go:239.2,240.47 2 1
coscli/util/process_monitor.go:243.86,245.2 1 1
coscli/util/process_monitor.go:247.84,249.2 1 0
coscli/util/process_monitor.go:251.95,252.32 1 1
coscli/util/process_monitor.go:252.32,254.3 1 0
coscli/util/process_monitor.go:255.2,256.32 2 1
coscli/util/process_monitor.go:256.32,258.3 1 0
coscli/util/process_monitor.go:259.2,259.23 1 1
coscli/util/process_monitor.go:259.23,261.3 1 1
coscli/util/process_monitor.go:262.2,262.22 1 1
coscli/util/process_monitor.go:262.22,264.24 2 0
coscli/util/process_monitor.go:264.24,266.4 1 0
coscli/util/process_monitor.go:267.3,267.33 1 0
coscli/util/process_monitor.go:269.2,269.23 1 1
coscli/util/process_monitor.go:269.23,271.3 1 0
coscli/util/process_monitor.go:272.2,272.26 1 1
coscli/util/process_monitor.go:272.26,274.3 1 0
coscli/util/process_monitor.go:276.2,276.23 1 1
coscli/util/process_monitor.go:276.23,278.3 1 1
coscli/util/process_monitor.go:279.2,279.57 1 1
coscli/util/process_monitor.go:282.83,283.24 1 0
coscli/util/process_monitor.go:283.24,285.3 1 0
coscli/util/process_monitor.go:286.2,286.28 1 0
coscli/util/process_monitor.go:286.28,288.3 1 0
coscli/util/process_monitor.go:289.2,289.173 1 0
coscli/util/process_monitor.go:292.81,293.24 1 1
coscli/util/process_monitor.go:293.24,295.3 1 0
coscli/util/process_monitor.go:296.2,296.11 1 1
coscli/util/process_monitor.go:299.87,301.2 1 0
coscli/util/process_monitor.go:303.78,306.2 2 0
coscli/util/process_monitor.go:308.81,309.51 1 0
coscli/util/process_monitor.go:309.51,310.25 1 0
coscli/util/process_monitor.go:310.25,312.4 1 0
coscli/util/process_monitor.go:313.3,313.24 1 0
coscli/util/process_monitor.go:313.24,315.4 1 0
coscli/util/process_monitor.go:316.3,316.13 1 0
coscli/util/process_monitor.go:318.2,318.10 1 0
coscli/util/process_monitor.go:321.50,322.16 1 1
coscli/util/process_monitor.go:323.20,324.18 1 1
coscli/util/process_monitor.go:325.22,326.20 1 0
coscli/util/process_monitor.go:327.10,328.16 1 0
coscli/util/process_monitor.go:332.52,333.16 1 1
coscli/util/process_monitor.go:334.20,335.17 1 1
coscli/util/process_monitor.go:336.10,337.19 1 0
coscli/util/processbar.go:8.40,16.2 7 0
coscli/util/processbar.go:18.22,19.40 1 1
coscli/util/processbar.go:19.40,21.3 1 1
coscli/util/processbar.go:24.38,25.39 1 1
coscli/util/processbar.go:25.39,27.3 1 1
coscli/util/processbar.go:30.22,32.2 1 1
coscli/util/rename.go:37.51,39.15 2 0
coscli/util/rename.go:39.15,42.3 2 0
coscli/util/rename.go:43.2,44.19 2 0
coscli/util/rename.go:44.19,46.3 1 0
coscli/util/rename.go:47.2,51.16 4 0
coscli/util/rename.go:51.16,53.3 1 0
coscli/util/rename.go:54.2,62.16 3 0
coscli/util/rename.go:62.16,64.3 1 0
coscli/util/rename.go:65.2,65.90 1 0
coscli/util/rename.go:65.90,67.3 1 0
coscli/util/rename.go:68.2,68.18 1 0
coscli/util/rename.go:68.18,70.3 1 0
coscli/util/rename.go:71.2,71.29 1 0
coscli/util/rename.go:71.29,73.3 1 0
coscli/util/rename.go:74.2,77.26 4 0
coscli/util/rename.go:77.26,79.3 1 0
coscli/util/rename.go:80.2,80.27 1 0
coscli/util/rename.go:80.27,82.3 1 0
coscli/util/rename.go:83.2,83.30 1 0
coscli/util/rename.go:83.30,85.3 1 0
coscli/util/rename.go:86.2,95.16 4 0
coscli/util/rename.go:95.16,98.10 1 0
coscli/util/rename.go:99.21,100.25 1 0
coscli/util/rename.go:101.11,101.11 0 0
coscli/util/rename.go:103.3,103.18 1 0
coscli/util/rename.go:105.2,105.15 1 0
coscli/util/rename.go:105.15,106.16 1 0
coscli/util/rename.go:106.16,110.4 2 0
coscli/util/rename.go:113.2,114.16 2 0
coscli/util/rename.go:114.16,116.17 1 0
coscli/util/rename.go:116.17,118.4 1 0
coscli/util/rename.go:121.3,121.19 1 0
coscli/util/rename.go:124.2,124.18 1 0
coscli/util/rename.go:128.81,130.42 2 0
coscli/util/rename.go:130.42,132.3 1 0
coscli/util/rename.go:134.2,135.16 2 0
coscli/util/rename.go:135.16,137.3 1 0
coscli/util/rename.go:139.2,139.29 1 0
coscli/util/rename.go:139.29,140.32 1 0
coscli/util/rename.go:140.32,142.4 1 0
coscli/util/rename.go:144.2,144.20 1 0
coscli/util/rename.go:147.44,148.45 1 0
coscli/util/rename.go:148.45,150.3 1 0
coscli/util/rename.go:151.2,153.31 3 0
coscli/util/rename.go:153.31,155.3 1 0
coscli/util/rename.go:157.2,157.30 1 0
coscli/util/rename.go:157.30,159.51 2 0
coscli/util/rename.go:159.51,165.4 5 0
coscli/util/rename.go:168.2,168.22 1 0
coscli/util/secret.go:18.66,20.16 2 0
coscli/util/secret.go:20.16,22.3 1 0
coscli/util/secret.go:23.2,26.24 4 0
coscli/util/secret.go:29.59,34.2 4 0
coscli/util/secret.go:49.63,51.2 1 0
coscli/util/secret.go:56.49,59.23 2 0
coscli/util/secret.go:59.23,61.3 1 0
coscli/util/secret.go:61.8,64.3 1 0
coscli/util/secret.go:68.51,69.37 1 0
coscli/util/secret.go:69.37,70.18 1 0
coscli/util/secret.go:70.18,72.4 1 0
coscli/util/secret.go:74.2,74.12 1 0
coscli/util/secret.go:77.58,82.16 4 0
coscli/util/secret.go:82.16,84.3 1 0
coscli/util/secret.go:86.2,88.19 2 0
coscli/util/secret.go:89.11,93.8 4 0
coscli/util/secret.go:94.11,99.57 3 0
coscli/util/secret.go:99.57,100.14 1 0
coscli/util/secret.go:103.3,105.8 3 0
coscli/util/secret.go:108.2,108.25 1 0
coscli/util/secret.go:111.66,112.15 1 0
coscli/util/secret.go:112.15,113.37 1 0
coscli/util/secret.go:113.37,115.4 1 0
coscli/util/secret.go:119.2,122.16 3 0
coscli/util/secret.go:122.16,124.3 1 0
coscli/util/secret.go:126.2,126.19 1 0
coscli/util/secret.go:127.11,132.8 3 0
coscli/util/secret.go:133.11,138.34 4 0
coscli/util/secret.go:138.34,139.59 1 0
coscli/util/secret.go:142.3,146.8 3 0
coscli/util/secret.go:149.2,149.33 1 0
coscli/util/secret.go:168.34,173.2 1 0
coscli/util/secret.go:179.55,181.2 1 0
coscli/util/secret.go:183.40,183.62 1 0
coscli/util/secret.go:185.53,186.31 1 0
coscli/util/secret.go:186.31,187.48 1 0
coscli/util/secret.go:189.2,189.25 1 0
coscli/util/secret.go:189.25,190.52 1 0
coscli/util/secret.go:192.2,192.19 1 0
coscli/util/secret.go:192.19,196.3 3 0
coscli/util/secret.go:203.55,205.2 1 0
coscli/util/secret.go:207.40,207.62 1 0
coscli/util/secret.go:209.53,210.31 1 0
coscli/util/secret.go:210.31,211.48 1 0
coscli/util/secret.go:213.2,213.25 1 0
coscli/util/secret.go:213.25,214.52 1 0
coscli/util/secret.go:216.2,216.19 1 0
coscli/util/secret.go:216.19,220.3 3 0
coscli/util/size.go:8.33,9.14 1 0
coscli/util/size.go:9.14,11.3 1 0
coscli/util/size.go:11.8,11.26 1 0
coscli/util/size.go:11.26,13.3 1 0
coscli/util/size.go:13.8,13.31 1 0
coscli/util/size.go:13.31,15.3 1 0
coscli/util/size.go:15.8,15.36 1 0
coscli/util/size.go:15.36,17.3 1 0
coscli/util/size.go:17.8,19.3 1 0
coscli/util/size.go:22.40,30.9 2 1
coscli/util/size.go:31.18,32.38 1 1
coscli/util/size.go:33.18,34.42 1 0
coscli/util/size.go:35.18,36.42 1 0
coscli/util/size.go:37.18,38.42 1 0
coscli/util/size.go:39.10,40.42 1 0
coscli/util/size.go:43.39,46.14 3 1
coscli/util/size.go:46.14,49.3 2 0
coscli/util/size.go:50.2,53.12 4 1
coscli/util/size.go:53.12,55.3 1 1
coscli/util/size.go:56.2,56.24 1 1
coscli/util/size.go:56.24,58.3 1 0
coscli/util/size.go:60.2,61.83 2 1
coscli/util/size.go:64.28,65.12 1 1
coscli/util/size.go:65.12,67.3 1 1
coscli/util/size.go:68.2,68.10 1 1
coscli/util/statistic.go:12.38,21.28 7 0
coscli/util/statistic.go:21.28,22.25 1 0
coscli/util/statistic.go:23.17,26.23 3 0
coscli/util/statistic.go:27.19,30.23 3 0
coscli/util/statistic.go:31.27,34.23 3 0
coscli/util/statistic.go:35.16,38.23 3 0
coscli/util/statistic.go:39.20,42.23 3 0
coscli/util/statistic.go:43.20,46.23 3 0
coscli/util/statistic.go:47.22,50.23 3 0
coscli/util/statistic.go:51.30,54.23 3 0
coscli/util/statistic.go:55.19,58.23 3 0
coscli/util/statistic.go:61.2,84.66 17 0
coscli/util/storage_url.go:31.34,33.2 1 0
coscli/util/storage_url.go:35.35,37.2 1 0
coscli/util/storage_url.go:39.36,40.21 1 0
coscli/util/storage_url.go:40.21,42.3 1 0
coscli/util/storage_url.go:43.2,43.67 1 0
coscli/util/storage_url.go:46.47,49.2 2 0
coscli/util/storage_url.go:51.35,53.2 1 0
coscli/util/storage_url.go:55.36,57.2 1 0
coscli/util/storage_url.go:59.37,61.2 1 0
coscli/util/storage_url.go:63.48,65.2 1 0
coscli/util/storage_url.go:67.45,69.47 2 0
coscli/util/storage_url.go:69.47,71.3 1 0
coscli/util/storage_url.go:72.2,72.47 1 0
coscli/util/storage_url.go:72.47,74.3 1 0
coscli/util/storage_url.go:75.2,75.12 1 0
coscli/util/storage_url.go:78.45,80.60 2 0
coscli/util/storage_url.go:80.60,82.3 1 0
coscli/util/storage_url.go:82.8,83.35 1 0
coscli/util/storage_url.go:83.35,85.4 1 0
coscli/util/storage_url.go:87.2,89.18 3 0
coscli/util/storage_url.go:89.18,91.3 1 0
coscli/util/storage_url.go:92.2,92.12 1 0
coscli/util/storage_url.go:95.45,96.40 1 0
coscli/util/storage_url.go:96.40,98.3 1 0
coscli/util/storage_url.go:99.2,99.12 1 0
coscli/util/storage_url.go:102.46,103.68 1 0
coscli/util/storage_url.go:103.68,105.20 2 0
coscli/util/storage_url.go:105.20,107.4 1 0
coscli/util/storage_url.go:107.9,109.4 1 0
coscli/util/storage_url.go:111.2,112.12 2 0
coscli/util/storage_url.go:115.30,119.68 4 0
coscli/util/storage_url.go:119.68,121.3 1 0
coscli/util/storage_url.go:123.2,123.19 1 0
coscli/util/storage_url.go:123.19,125.3 1 0
coscli/util/storage_url.go:127.2,128.16 2 0
coscli/util/storage_url.go:128.16,130.3 1 0
coscli/util/storage_url.go:130.8,132.3 1 0
coscli/util/storage_url.go:133.2,133.16 1 0
coscli/util/storage_url.go:136.51,137.62 1 0
coscli/util/storage_url.go:137.62,139.45 2 0
coscli/util/storage_url.go:139.45,141.4 1 0
coscli/util/storage_url.go:142.3,142.22 1 0
coscli/util/storage_url.go:144.2,145.45 2 0
coscli/util/storage_url.go:145.45,147.3 1 0
coscli/util/storage_url.go:148.2,148.22 1 0
coscli/util/storage_url.go:151.53,157.2 2 0
coscli/util/storage_url.go:160.82,162.21 2 0
coscli/util/storage_url.go:162.21,164.3 1 0
coscli/util/storage_url.go:167.2,168.16 2 0
coscli/util/storage_url.go:168.16,170.3 1 0
coscli/util/storage_url.go:172.2,172.54 1 0
coscli/util/storage_url.go:172.54,174.3 1 0
coscli/util/storage_url.go:176.2,178.98 2 0
coscli/util/storage_url.go:178.98,182.3 2 0
coscli/util/storage_url.go:185.2,185.114 1 0
coscli/util/storage_url.go:185.114,187.3 1 0
coscli/util/storage_url.go:190.2,190.115 1 0
coscli/util/storage_url.go:190.115,192.3 1 0
coscli/util/storage_url.go:194.2,195.86 2 0
coscli/util/storage_url.go:199.99,201.21 2 0
coscli/util/storage_url.go:201.21,203.3 1 0
coscli/util/storage_url.go:205.2,207.92 2 0
coscli/util/storage_url.go:207.92,209.3 1 0
coscli/util/storage_url.go:211.2,212.28 2 0
coscli/util/storage_url.go:212.28,216.57 2 0
coscli/util/storage_url.go:216.57,218.4 1 0
coscli/util/storage_url.go:221.2,221.12 1 0
coscli/util/storage_url.go:221.12,223.17 2 0
coscli/util/storage_url.go:223.17,225.4 1 0
coscli/util/storage_url.go:229.2,229.124 1 0
coscli/util/storage_url.go:229.124,232.3 2 0
coscli/util/storage_url.go:235.2,235.98 1 0
coscli/util/storage_url.go:235.98,237.3 1 0
coscli/util/storage_url.go:240.2,240.12 1 0
coscli/util/storage_url.go:240.12,243.53 2 0
coscli/util/storage_url.go:243.53,245.4 1 0
coscli/util/storage_url.go:246.8,248.63 1 0
coscli/util/storage_url.go:248.63,249.55 1 0
coscli/util/storage_url.go:249.55,251.5 1 0
coscli/util/storage_url.go:256.2,256.99 1 0
coscli/util/storage_url.go:256.99,258.3 1 0
coscli/util/storage_url.go:260.2,261.86 2 0
coscli/util/storage_url.go:265.127,269.92 3 0
coscli/util/storage_url.go:269.92,271.3 1 0
coscli/util/storage_url.go:273.2,274.28 2 0
coscli/util/storage_url.go:274.28,278.57 2 0
coscli/util/storage_url.go:278.57,280.4 1 0
coscli/util/storage_url.go:283.2,283.12 1 0
coscli/util/storage_url.go:283.12,285.17 2 0
coscli/util/storage_url.go:285.17,287.4 1 0
coscli/util/storage_url.go:291.2,291.109 1 0
coscli/util/storage_url.go:291.109,294.3 2 0
coscli/util/storage_url.go:297.2,297.101 1 0
coscli/util/storage_url.go:297.101,299.3 1 0
coscli/util/storage_url.go:302.2,302.99 1 0
coscli/util/storage_url.go:302.99,304.3 1 0
coscli/util/storage_url.go:307.2,308.89 2 0
coscli/util/synchronize.go:12.91,15.25 3 0
coscli/util/synchronize.go:15.25,17.17 2 0
coscli/util/synchronize.go:17.17,19.4 1 0
coscli/util/synchronize.go:23.2,24.27 2 0
coscli/util/synchronize.go:24.27,27.3 1 0
coscli/util/synchronize.go:29.2,29.16 1 0
coscli/util/synchronize.go:29.16,31.3 1 0
coscli/util/synchronize.go:34.149,35.37 1 0
coscli/util/synchronize.go:35.37,37.17 2 0
coscli/util/synchronize.go:37.17,39.45 2 0
coscli/util/synchronize.go:39.45,41.5 1 0
coscli/util/synchronize.go:45.2,46.16 2 0
coscli/util/synchronize.go:46.16,47.44 1 0
coscli/util/synchronize.go:47.44,50.4 1 0
coscli/util/synchronize.go:50.9,52.4 1 0
coscli/util/synchronize.go:53.8,54.29 1 0
coscli/util/synchronize.go:54.29,57.26 3 0
coscli/util/synchronize.go:57.26,59.40 1 0
coscli/util/synchronize.go:59.40,61.6 1 0
coscli/util/synchronize.go:62.5,62.21 1 0
coscli/util/synchronize.go:63.10,65.5 1 0
coscli/util/synchronize.go:66.9,68.4 1 0
coscli/util/synchronize.go:70.2,70.19 1 0
coscli/util/synchronize.go:73.89,75.2 1 0
coscli/util/synchronize.go:77.91,79.2 1 0
coscli/util/synchronize.go:81.151,84.16 2 0
coscli/util/synchronize.go:84.16,86.17 2 0
coscli/util/synchronize.go:86.17,88.4 1 0
coscli/util/synchronize.go:92.2,92.37 1 0
coscli/util/synchronize.go:92.37,94.17 2 0
coscli/util/synchronize.go:94.17,96.49 2 0
coscli/util/synchronize.go:96.49,98.5 1 0
coscli/util/synchronize.go:102.2,104.16 3 0
coscli/util/synchronize.go:104.16,105.44 1 0
coscli/util/synchronize.go:105.44,108.4 1 0
coscli/util/synchronize.go:108.9,110.4 1 0
coscli/util/synchronize.go:111.8,113.25 2 0
coscli/util/synchronize.go:113.25,115.39 1 0
coscli/util/synchronize.go:115.39,117.5 1 0
coscli/util/synchronize.go:118.4,118.20 1 0
coscli/util/synchronize.go:119.9,121.4 1 0
coscli/util/synchronize.go:124.2,124.19 1 0
coscli/util/synchronize.go:127.89,130.16 2 0
coscli/util/synchronize.go:130.16,131.44 1 0
coscli/util/synchronize.go:131.44,134.4 1 0
coscli/util/synchronize.go:134.9,136.4 1 0
coscli/util/synchronize.go:137.8,138.29 1 0
coscli/util/synchronize.go:138.29,144.18 4 0
coscli/util/synchronize.go:144.18,145.46 1 0
coscli/util/synchronize.go:145.46,148.6 1 0
coscli/util/synchronize.go:148.11,150.6 1 0
coscli/util/synchronize.go:151.10,153.5 1 0
coscli/util/synchronize.go:156.4,156.25 1 0
coscli/util/synchronize.go:156.25,158.5 1 0
coscli/util/synchronize.go:158.10,160.5 1 0
coscli/util/synchronize.go:161.9,163.4 1 0
coscli/util/synchronize.go:166.2,166.19 1 0
coscli/util/synchronize.go:169.69,170.37 1 0
coscli/util/synchronize.go:170.37,172.3 1 0
coscli/util/synchronize.go:174.2,175.31 2 0
coscli/util/synchronize.go:175.31,177.3 1 0
coscli/util/synchronize.go:177.8,177.40 1 0
coscli/util/synchronize.go:177.40,179.3 1 0
coscli/util/synchronize.go:179.8,181.3 1 0
coscli/util/synchronize.go:182.2,182.16 1 0
coscli/util/synchronize.go:182.16,184.3 1 0
coscli/util/synchronize.go:186.2,186.87 1 0
coscli/util/synchronize.go:186.87,188.3 1 0
coscli/util/synchronize.go:191.93,194.25 3 0
coscli/util/synchronize.go:194.25,196.17 2 0
coscli/util/synchronize.go:196.17,198.4 1 0
coscli/util/synchronize.go:202.2,204.27 2 0
coscli/util/synchronize.go:204.27,207.3 1 0
coscli/util/synchronize.go:209.2,209.16 1 0
coscli/util/synchronize.go:209.16,211.3 1 0
coscli/util/synchronize.go:214.101,217.25 3 0
coscli/util/synchronize.go:217.25,219.17 2 0
coscli/util/synchronize.go:219.17,221.4 1 0
coscli/util/synchronize.go:225.2,227.27 2 0
coscli/util/synchronize.go:227.27,230.3 1 0
coscli/util/synchronize.go:232.2,232.16 1 0
coscli/util/synchronize.go:232.16,234.3 1 0
coscli/util/upload.go:25.87,41.45 11 0
coscli/util/upload.go:41.45,43.3 1 0
coscli/util/upload.go:45.2,46.41 2 0
coscli/util/upload.go:46.41,47.10 1 0
coscli/util/upload.go:48.29,49.18 1 0
coscli/util/upload.go:49.18,50.32 1 0
coscli/util/upload.go:50.32,52.6 1 0
coscli/util/upload.go:54.4,54.15 1 0
coscli/util/upload.go:55.25,56.18 1 0
coscli/util/upload.go:56.18,58.5 1 0
coscli/util/upload.go:58.10,59.32 1 0
coscli/util/upload.go:59.32,61.6 1 0
coscli/util/upload.go:66.2,70.38 4 0
coscli/util/upload.go:73.123,74.28 1 0
coscli/util/upload.go:74.28,79.62 5 0
coscli/util/upload.go:79.62,81.18 2 0
coscli/util/upload.go:81.18,82.10 1 0
coscli/util/upload.go:83.10,84.41 1 0
coscli/util/upload.go:84.41,85.44 1 0
coscli/util/upload.go:85.44,88.7 1 0
coscli/util/upload.go:88.12,90.7 1 0
coscli/util/upload.go:92.6,92.46 1 0
coscli/util/upload.go:97.3,98.17 2 0
coscli/util/upload.go:98.17,100.12 2 0
coscli/util/upload.go:104.2,104.16 1 0
coscli/util/upload.go:107.166,117.16 8 0
coscli/util/upload.go:117.16,120.3 2 0
coscli/util/upload.go:122.2,125.22 3 0
coscli/util/upload.go:125.22,129.17 3 0
coscli/util/upload.go:129.17,132.4 2 0
coscli/util/upload.go:133.8,137.32 2 0
coscli/util/upload.go:137.32,141.18 4 0
coscli/util/upload.go:141.18,144.5 2 0
coscli/util/upload.go:147.3,147.11 1 0
coscli/util/upload.go:147.11,149.4 1 0
coscli/util/upload.go:151.3,189.45 3 0
coscli/util/upload.go:189.45,192.4 2 0
coscli/util/upload.go:194.3,196.17 2 0
coscli/util/upload.go:196.17,197.68 1 0
coscli/util/upload.go:197.68,199.5 1 0
coscli/util/upload.go:200.4,201.10 2 0
coscli/util/upload.go:205.2,205.58 1 0
coscli/util/upload.go:205.58,208.3 1 0
coscli/util/upload.go:210.2,210.8 1 0
coscli/util/url.go:12.98,14.16 2 0
coscli/util/url.go:14.16,16.3 1 0
coscli/util/url.go:16.8,18.3 1 0
coscli/util/url.go:20.2,20.10 1 0
coscli/util/url.go:23.61,26.2 2 0
coscli/util/url.go:28.77,31.2 2 0
coscli/util/url.go:34.95,48.2 7 0
coscli/util/url.go:51.60,52.26 1 0
coscli/util/url.go:52.26,54.3 1 0
coscli/util/url.go:55.2,58.32 3 0
coscli/util/url.go:58.32,60.3 1 0
coscli/util/url.go:61.2,61.26 1 0
coscli/util/url.go:61.26,63.3 1 0
coscli/util/url.go:65.2,65.42 1 0
coscli/util/url.go:69.67,76.2 3 0
coscli/util/url.go:79.75,81.16 2 0
coscli/util/url.go:81.16,84.3 2 0
coscli/util/url.go:86.2,88.26 3 0
coscli/util/url.go:88.26,90.3 1 0
coscli/util/url.go:91.2,91.43 1 0
coscli/util/url.go:91.43,93.3 1 0
coscli/util/url.go:95.2,96.32 2 0
coscli/util/url.go:96.32,98.3 1 0
coscli/util/url.go:99.2,99.26 1 0
coscli/util/url.go:99.26,101.3 1 0
coscli/util/url.go:103.2,105.58 2 0
